#
# There is insufficient memory for the Java Runtime Environment to continue.
# Native memory allocation (malloc) failed to allocate 1149120 bytes for Chunk::new
# Possible reasons:
#   The system is out of physical RAM or swap space
#   The process is running with CompressedOops enabled, and the Java Heap may be blocking the growth of the native heap
# Possible solutions:
#   Reduce memory load on the system
#   Increase physical memory or swap space
#   Check if swap backing store is full
#   Decrease Java heap size (-Xmx/-Xms)
#   Decrease number of Java threads
#   Decrease Java thread stack sizes (-Xss)
#   Set larger code cache with -XX:ReservedCodeCacheSize=
#   JVM is running with Unscaled Compressed Oops mode in which the Java heap is
#     placed in the first 4GB address space. The Java Heap base address is the
#     maximum limit for the native heap growth. Please use -XX:HeapBaseMinAddress
#     to set the Java Heap base and to place the Java Heap above 4GB virtual address.
# This output file may be truncated or incomplete.
#
#  Out of Memory Error (arena.cpp:189), pid=16488, tid=1556
#
# JRE version: OpenJDK Runtime Environment (17.0.6) (build 17.0.6+0-b2043.56-10027231)
# Java VM: OpenJDK 64-Bit Server VM (17.0.6+0-b2043.56-10027231, mixed mode, tiered, compressed oops, compressed class ptrs, g1 gc, windows-amd64)
# No core dump will be written. Minidumps are not enabled by default on client versions of Windows
#

---------------  S U M M A R Y ------------

Command Line: --add-opens=java.base/java.util=ALL-UNNAMED --add-opens=java.base/java.lang=ALL-UNNAMED --add-opens=java.base/java.lang.invoke=ALL-UNNAMED --add-opens=java.prefs/java.util.prefs=ALL-UNNAMED --add-opens=java.base/java.nio.charset=ALL-UNNAMED --add-opens=java.base/java.net=ALL-UNNAMED --add-opens=java.base/java.util.concurrent.atomic=ALL-UNNAMED -Xmx2048m -Dfile.encoding=UTF-8 -Duser.country=MY -Duser.language=en -Duser.variant org.gradle.launcher.daemon.bootstrap.GradleDaemon 8.0

Host: Intel(R) Core(TM) i3-10110U CPU @ 2.10GHz, 4 cores, 7G,  Windows 11 , 64 bit Build 22621 (10.0.22621.2506)
Time: Thu Dec 28 14:24:47 2023 Malay Peninsula Standard Time elapsed time: 26.587560 seconds (0d 0h 0m 26s)

---------------  T H R E A D  ---------------

Current thread (0x000002a79a420600):  JavaThread "C2 CompilerThread0" daemon [_thread_in_native, id=1556, stack(0x000000ce14500000,0x000000ce14600000)]


Current CompileTask:
C2:  26587 6467 % !   4       java.util.jar.Attributes::read @ 214 (494 bytes)

Stack: [0x000000ce14500000,0x000000ce14600000]
Native frames: (J=compiled Java code, j=interpreted, Vv=VM code, C=native code)
V  [jvm.dll+0x683c9a]
V  [jvm.dll+0x8427a4]
V  [jvm.dll+0x843f9e]
V  [jvm.dll+0x844603]
V  [jvm.dll+0x249b75]
V  [jvm.dll+0xabcac]
V  [jvm.dll+0xac27c]
V  [jvm.dll+0x368857]
V  [jvm.dll+0x332f31]
V  [jvm.dll+0x3323da]
V  [jvm.dll+0x21c201]
V  [jvm.dll+0x21b621]
V  [jvm.dll+0x1a4fdd]
V  [jvm.dll+0x22b098]
V  [jvm.dll+0x229159]
V  [jvm.dll+0x7f81ec]
V  [jvm.dll+0x7f274a]
V  [jvm.dll+0x682ad5]
C  [ucrtbase.dll+0x29363]
C  [KERNEL32.DLL+0x1257d]
C  [ntdll.dll+0x5aa58]


---------------  P R O C E S S  ---------------

Threads class SMR info:
_java_thread_list=0x000002a79edc73e0, length=82, elements={
0x000002a7ffca7c80, 0x000002a799a6a270, 0x000002a799a6b0e0, 0x000002a799a3bee0,
0x000002a79a41c400, 0x000002a79a41eec0, 0x000002a79a41f870, 0x000002a79a420600,
0x000002a79a481f60, 0x000002a79a485110, 0x000002a79a5aa340, 0x000002a79a5ac820,
0x000002a79b877050, 0x000002a79b99c2e0, 0x000002a79ca6bd10, 0x000002a79bfb4030,
0x000002a79cc299e0, 0x000002a79bdd7cf0, 0x000002a79bdd8960, 0x000002a79bdf3fb0,
0x000002a79bdf2c70, 0x000002a79bdf1e00, 0x000002a79bdf4e20, 0x000002a79bdf1930,
0x000002a79bdf22d0, 0x000002a79bdf1460, 0x000002a79bdf3ae0, 0x000002a79bdf27a0,
0x000002a79bdf4480, 0x000002a79bdf4950, 0x000002a79bdf3140, 0x000002a79bdf3610,
0x000002a79d2b5a50, 0x000002a79d2b8f40, 0x000002a79d2b7c00, 0x000002a79d2b7730,
0x000002a79d2b7260, 0x000002a79d2b4710, 0x000002a79d2b80d0, 0x000002a79d2b85a0,
0x000002a79d2b6d90, 0x000002a79d2b4be0, 0x000002a79d2b5580, 0x000002a79d2b5f20,
0x000002a79d2b63f0, 0x000002a79d2bac20, 0x000002a79d2b68c0, 0x000002a79d2bb0f0,
0x000002a79d2b9db0, 0x000002a79d2ba280, 0x000002a79d2ba750, 0x000002a79d2bb5c0,
0x000002a79d2b3d70, 0x000002a79e9510c0, 0x000002a79e950720, 0x000002a79e952400,
0x000002a79e951590, 0x000002a79e950250, 0x000002a79e94fd80, 0x000002a79e9528d0,
0x000002a79e952da0, 0x000002a79e953c10, 0x000002a79e954a80, 0x000002a79e951a60,
0x000002a79e955420, 0x000002a79e953270, 0x000002a79e956760, 0x000002a79e950bf0,
0x000002a79e951f30, 0x000002a79e953740, 0x000002a79e9558f0, 0x000002a79e954f50,
0x000002a79e94f3e0, 0x000002a79e9540e0, 0x000002a79e9545b0, 0x000002a79e956290,
0x000002a79e955dc0, 0x000002a79e956c30, 0x000002a79e94f8b0, 0x000002a79d7546e0,
0x000002a79d7593e0, 0x000002a79d758a40
}

Java Threads: ( => current thread )
  0x000002a7ffca7c80 JavaThread "main" [_thread_blocked, id=9652, stack(0x000000ce13800000,0x000000ce13900000)]
  0x000002a799a6a270 JavaThread "Reference Handler" daemon [_thread_blocked, id=1660, stack(0x000000ce13f00000,0x000000ce14000000)]
  0x000002a799a6b0e0 JavaThread "Finalizer" daemon [_thread_blocked, id=16576, stack(0x000000ce14000000,0x000000ce14100000)]
  0x000002a799a3bee0 JavaThread "Signal Dispatcher" daemon [_thread_blocked, id=18888, stack(0x000000ce14100000,0x000000ce14200000)]
  0x000002a79a41c400 JavaThread "Attach Listener" daemon [_thread_blocked, id=9284, stack(0x000000ce14200000,0x000000ce14300000)]
  0x000002a79a41eec0 JavaThread "Service Thread" daemon [_thread_blocked, id=16148, stack(0x000000ce14300000,0x000000ce14400000)]
  0x000002a79a41f870 JavaThread "Monitor Deflation Thread" daemon [_thread_blocked, id=1440, stack(0x000000ce14400000,0x000000ce14500000)]
=>0x000002a79a420600 JavaThread "C2 CompilerThread0" daemon [_thread_in_native, id=1556, stack(0x000000ce14500000,0x000000ce14600000)]
  0x000002a79a481f60 JavaThread "C1 CompilerThread0" daemon [_thread_blocked, id=16928, stack(0x000000ce14600000,0x000000ce14700000)]
  0x000002a79a485110 JavaThread "Sweeper thread" daemon [_thread_blocked, id=15996, stack(0x000000ce14700000,0x000000ce14800000)]
  0x000002a79a5aa340 JavaThread "Common-Cleaner" daemon [_thread_blocked, id=20100, stack(0x000000ce14800000,0x000000ce14900000)]
  0x000002a79a5ac820 JavaThread "Notification Thread" daemon [_thread_blocked, id=9820, stack(0x000000ce14900000,0x000000ce14a00000)]
  0x000002a79b877050 JavaThread "Daemon health stats" [_thread_blocked, id=18128, stack(0x000000ce14e00000,0x000000ce14f00000)]
  0x000002a79b99c2e0 JavaThread "Incoming local TCP Connector on port 63434" [_thread_in_native, id=18164, stack(0x000000ce14f00000,0x000000ce15000000)]
  0x000002a79ca6bd10 JavaThread "Daemon periodic checks" [_thread_blocked, id=2268, stack(0x000000ce15000000,0x000000ce15100000)]
  0x000002a79bfb4030 JavaThread "Daemon" [_thread_blocked, id=15772, stack(0x000000ce15100000,0x000000ce15200000)]
  0x000002a79cc299e0 JavaThread "Handler for socket connection from /127.0.0.1:63434 to /127.0.0.1:63435" [_thread_in_native, id=18336, stack(0x000000ce15200000,0x000000ce15300000)]
  0x000002a79bdd7cf0 JavaThread "Cancel handler" [_thread_blocked, id=13572, stack(0x000000ce15300000,0x000000ce15400000)]
  0x000002a79bdd8960 JavaThread "Daemon worker" [_thread_in_Java, id=1592, stack(0x000000ce15400000,0x000000ce15500000)]
  0x000002a79bdf3fb0 JavaThread "Asynchronous log dispatcher for DefaultDaemonConnection: socket connection from /127.0.0.1:63434 to /127.0.0.1:63435" [_thread_blocked, id=20496, stack(0x000000ce15500000,0x000000ce15600000)]
  0x000002a79bdf2c70 JavaThread "Stdin handler" [_thread_blocked, id=19476, stack(0x000000ce15600000,0x000000ce15700000)]
  0x000002a79bdf1e00 JavaThread "Daemon client event forwarder" [_thread_blocked, id=12180, stack(0x000000ce15700000,0x000000ce15800000)]
  0x000002a79bdf4e20 JavaThread "Cache worker for journal cache (C:\Users\mingc\.gradle\caches\journal-1)" [_thread_blocked, id=4960, stack(0x000000ce15800000,0x000000ce15900000)]
  0x000002a79bdf1930 JavaThread "File lock request listener" [_thread_in_native, id=11512, stack(0x000000ce15900000,0x000000ce15a00000)]
  0x000002a79bdf22d0 JavaThread "Cache worker for file hash cache (C:\Users\mingc\.gradle\caches\8.0\fileHashes)" [_thread_blocked, id=13408, stack(0x000000ce15a00000,0x000000ce15b00000)]
  0x000002a79bdf1460 JavaThread "File watcher server" daemon [_thread_in_native, id=13680, stack(0x000000ce15b00000,0x000000ce15c00000)]
  0x000002a79bdf3ae0 JavaThread "File watcher consumer" daemon [_thread_blocked, id=8112, stack(0x000000ce15c00000,0x000000ce15d00000)]
  0x000002a79bdf27a0 JavaThread "Cache worker for checksums cache (C:\Users\mingc\OneDrive\EduHub\.gradle\8.0\checksums)" [_thread_blocked, id=14432, stack(0x000000ce15d00000,0x000000ce15e00000)]
  0x000002a79bdf4480 JavaThread "Cache worker for cache directory md-rule (C:\Users\mingc\.gradle\caches\8.0\md-rule)" [_thread_blocked, id=18044, stack(0x000000ce15e00000,0x000000ce15f00000)]
  0x000002a79bdf4950 JavaThread "Cache worker for file content cache (C:\Users\mingc\.gradle\caches\8.0\fileContent)" [_thread_blocked, id=10276, stack(0x000000ce15f00000,0x000000ce16000000)]
  0x000002a79bdf3140 JavaThread "Cache worker for file hash cache (C:\Users\mingc\OneDrive\EduHub\.gradle\8.0\fileHashes)" [_thread_blocked, id=17308, stack(0x000000ce16000000,0x000000ce16100000)]
  0x000002a79bdf3610 JavaThread "Cache worker for cache directory md-supplier (C:\Users\mingc\.gradle\caches\8.0\md-supplier)" [_thread_blocked, id=14664, stack(0x000000ce16100000,0x000000ce16200000)]
  0x000002a79d2b5a50 JavaThread "Cache worker for execution history cache (C:\Users\mingc\.gradle\caches\8.0\executionHistory)" [_thread_blocked, id=20948, stack(0x000000ce16200000,0x000000ce16300000)]
  0x000002a79d2b8f40 JavaThread "jar transforms" [_thread_blocked, id=18392, stack(0x000000ce16300000,0x000000ce16400000)]
  0x000002a79d2b7c00 JavaThread "jar transforms Thread 2" [_thread_blocked, id=11636, stack(0x000000ce16400000,0x000000ce16500000)]
  0x000002a79d2b7730 JavaThread "Cache worker for kotlin-dsl (C:\Users\mingc\.gradle\caches\8.0\kotlin-dsl)" [_thread_blocked, id=15636, stack(0x000000ce16600000,0x000000ce16700000)]
  0x000002a79d2b7260 JavaThread "jar transforms Thread 3" [_thread_blocked, id=20356, stack(0x000000ce16700000,0x000000ce16800000)]
  0x000002a79d2b4710 JavaThread "jar transforms Thread 4" [_thread_blocked, id=7224, stack(0x000000ce16800000,0x000000ce16900000)]
  0x000002a79d2b80d0 JavaThread "Cache worker for dependencies-accessors (C:\Users\mingc\OneDrive\EduHub\.gradle\8.0\dependencies-accessors)" [_thread_blocked, id=15208, stack(0x000000ce16900000,0x000000ce16a00000)]
  0x000002a79d2b85a0 JavaThread "Cache worker for Build Output Cleanup Cache (C:\Users\mingc\OneDrive\EduHub\.gradle\buildOutputCleanup)" [_thread_blocked, id=15872, stack(0x000000ce16a00000,0x000000ce16b00000)]
  0x000002a79d2b6d90 JavaThread "Unconstrained build operations" [_thread_blocked, id=15644, stack(0x000000ce16b00000,0x000000ce16c00000)]
  0x000002a79d2b4be0 JavaThread "Unconstrained build operations Thread 2" [_thread_blocked, id=18480, stack(0x000000ce16c00000,0x000000ce16d00000)]
  0x000002a79d2b5580 JavaThread "Unconstrained build operations Thread 3" [_thread_blocked, id=676, stack(0x000000ce16d00000,0x000000ce16e00000)]
  0x000002a79d2b5f20 JavaThread "Unconstrained build operations Thread 4" [_thread_blocked, id=9552, stack(0x000000ce16e00000,0x000000ce16f00000)]
  0x000002a79d2b63f0 JavaThread "Unconstrained build operations Thread 5" [_thread_blocked, id=17692, stack(0x000000ce16f00000,0x000000ce17000000)]
  0x000002a79d2bac20 JavaThread "Unconstrained build operations Thread 6" [_thread_blocked, id=9160, stack(0x000000ce17000000,0x000000ce17100000)]
  0x000002a79d2b68c0 JavaThread "Unconstrained build operations Thread 7" [_thread_blocked, id=21264, stack(0x000000ce17100000,0x000000ce17200000)]
  0x000002a79d2bb0f0 JavaThread "Unconstrained build operations Thread 8" [_thread_blocked, id=18948, stack(0x000000ce17200000,0x000000ce17300000)]
  0x000002a79d2b9db0 JavaThread "Unconstrained build operations Thread 9" [_thread_blocked, id=17976, stack(0x000000ce17300000,0x000000ce17400000)]
  0x000002a79d2ba280 JavaThread "Unconstrained build operations Thread 10" [_thread_blocked, id=8608, stack(0x000000ce17400000,0x000000ce17500000)]
  0x000002a79d2ba750 JavaThread "Unconstrained build operations Thread 11" [_thread_blocked, id=19104, stack(0x000000ce17500000,0x000000ce17600000)]
  0x000002a79d2bb5c0 JavaThread "Unconstrained build operations Thread 12" [_thread_blocked, id=14560, stack(0x000000ce17600000,0x000000ce17700000)]
  0x000002a79d2b3d70 JavaThread "Unconstrained build operations Thread 13" [_thread_blocked, id=19960, stack(0x000000ce17700000,0x000000ce17800000)]
  0x000002a79e9510c0 JavaThread "Unconstrained build operations Thread 14" [_thread_blocked, id=14704, stack(0x000000ce17800000,0x000000ce17900000)]
  0x000002a79e950720 JavaThread "Unconstrained build operations Thread 15" [_thread_blocked, id=9376, stack(0x000000ce17900000,0x000000ce17a00000)]
  0x000002a79e952400 JavaThread "Unconstrained build operations Thread 16" [_thread_blocked, id=20520, stack(0x000000ce17a00000,0x000000ce17b00000)]
  0x000002a79e951590 JavaThread "Unconstrained build operations Thread 17" [_thread_blocked, id=14760, stack(0x000000ce17b00000,0x000000ce17c00000)]
  0x000002a79e950250 JavaThread "Unconstrained build operations Thread 18" [_thread_blocked, id=14048, stack(0x000000ce17c00000,0x000000ce17d00000)]
  0x000002a79e94fd80 JavaThread "Unconstrained build operations Thread 19" [_thread_blocked, id=16268, stack(0x000000ce17d00000,0x000000ce17e00000)]
  0x000002a79e9528d0 JavaThread "Unconstrained build operations Thread 20" [_thread_blocked, id=6928, stack(0x000000ce17e00000,0x000000ce17f00000)]
  0x000002a79e952da0 JavaThread "Unconstrained build operations Thread 21" [_thread_blocked, id=19340, stack(0x000000ce17f00000,0x000000ce18000000)]
  0x000002a79e953c10 JavaThread "Unconstrained build operations Thread 22" [_thread_blocked, id=20064, stack(0x000000ce18000000,0x000000ce18100000)]
  0x000002a79e954a80 JavaThread "Unconstrained build operations Thread 23" [_thread_blocked, id=12992, stack(0x000000ce18100000,0x000000ce18200000)]
  0x000002a79e951a60 JavaThread "Unconstrained build operations Thread 24" [_thread_blocked, id=15456, stack(0x000000ce18200000,0x000000ce18300000)]
  0x000002a79e955420 JavaThread "Unconstrained build operations Thread 25" [_thread_blocked, id=16532, stack(0x000000ce18300000,0x000000ce18400000)]
  0x000002a79e953270 JavaThread "Unconstrained build operations Thread 26" [_thread_blocked, id=5748, stack(0x000000ce18400000,0x000000ce18500000)]
  0x000002a79e956760 JavaThread "Unconstrained build operations Thread 27" [_thread_blocked, id=13972, stack(0x000000ce18500000,0x000000ce18600000)]
  0x000002a79e950bf0 JavaThread "Unconstrained build operations Thread 28" [_thread_blocked, id=14080, stack(0x000000ce18600000,0x000000ce18700000)]
  0x000002a79e951f30 JavaThread "Unconstrained build operations Thread 29" [_thread_blocked, id=12404, stack(0x000000ce18700000,0x000000ce18800000)]
  0x000002a79e953740 JavaThread "Unconstrained build operations Thread 30" [_thread_blocked, id=5468, stack(0x000000ce18800000,0x000000ce18900000)]
  0x000002a79e9558f0 JavaThread "Unconstrained build operations Thread 31" [_thread_blocked, id=5604, stack(0x000000ce18900000,0x000000ce18a00000)]
  0x000002a79e954f50 JavaThread "Unconstrained build operations Thread 32" [_thread_blocked, id=7708, stack(0x000000ce18a00000,0x000000ce18b00000)]
  0x000002a79e94f3e0 JavaThread "Unconstrained build operations Thread 33" [_thread_blocked, id=7296, stack(0x000000ce18b00000,0x000000ce18c00000)]
  0x000002a79e9540e0 JavaThread "Unconstrained build operations Thread 34" [_thread_blocked, id=20292, stack(0x000000ce18c00000,0x000000ce18d00000)]
  0x000002a79e9545b0 JavaThread "Unconstrained build operations Thread 35" [_thread_blocked, id=8612, stack(0x000000ce18d00000,0x000000ce18e00000)]
  0x000002a79e956290 JavaThread "Unconstrained build operations Thread 36" [_thread_blocked, id=13616, stack(0x000000ce18e00000,0x000000ce18f00000)]
  0x000002a79e955dc0 JavaThread "Unconstrained build operations Thread 37" [_thread_blocked, id=15676, stack(0x000000ce18f00000,0x000000ce19000000)]
  0x000002a79e956c30 JavaThread "Unconstrained build operations Thread 38" [_thread_blocked, id=9328, stack(0x000000ce19000000,0x000000ce19100000)]
  0x000002a79e94f8b0 JavaThread "Unconstrained build operations Thread 39" [_thread_blocked, id=19624, stack(0x000000ce19100000,0x000000ce19200000)]
  0x000002a79d7546e0 JavaThread "Unconstrained build operations Thread 40" [_thread_blocked, id=19860, stack(0x000000ce19200000,0x000000ce19300000)]
  0x000002a79d7593e0 JavaThread "build event listener" [_thread_blocked, id=19848, stack(0x000000ce19300000,0x000000ce19400000)]
  0x000002a79d758a40 JavaThread "Memory manager" [_thread_blocked, id=20980, stack(0x000000ce19400000,0x000000ce19500000)]

Other Threads:
  0x000002a7999e6b40 VMThread "VM Thread" [stack: 0x000000ce13e00000,0x000000ce13f00000] [id=16920]
  0x000002a79a5a8010 WatcherThread [stack: 0x000000ce14a00000,0x000000ce14b00000] [id=18812]
  0x000002a7ffd01210 GCTaskThread "GC Thread#0" [stack: 0x000000ce13900000,0x000000ce13a00000] [id=1544]
  0x000002a79a7cfe10 GCTaskThread "GC Thread#1" [stack: 0x000000ce14b00000,0x000000ce14c00000] [id=16896]
  0x000002a79a7d00c0 GCTaskThread "GC Thread#2" [stack: 0x000000ce14c00000,0x000000ce14d00000] [id=15496]
  0x000002a79b257810 GCTaskThread "GC Thread#3" [stack: 0x000000ce14d00000,0x000000ce14e00000] [id=7620]
  0x000002a7ffd12150 ConcurrentGCThread "G1 Main Marker" [stack: 0x000000ce13a00000,0x000000ce13b00000] [id=8828]
  0x000002a7ffd13b70 ConcurrentGCThread "G1 Conc#0" [stack: 0x000000ce13b00000,0x000000ce13c00000] [id=15928]
  0x000002a7998a24b0 ConcurrentGCThread "G1 Refine#0" [stack: 0x000000ce13c00000,0x000000ce13d00000] [id=14976]
  0x000002a79e91e070 ConcurrentGCThread "G1 Refine#1" [stack: 0x000000ce16500000,0x000000ce16600000] [id=15708]
  0x000002a7ffd687c0 ConcurrentGCThread "G1 Service" [stack: 0x000000ce13d00000,0x000000ce13e00000] [id=13744]

Threads with active compile tasks:
C2 CompilerThread0    26629 6467 % !   4       java.util.jar.Attributes::read @ 214 (494 bytes)

VM state: not at safepoint (normal execution)

VM Mutex/Monitor currently owned by a thread: None

Heap address: 0x0000000080000000, size: 2048 MB, Compressed Oops mode: 32-bit

CDS archive(s) not mapped
Compressed class space mapped at: 0x0000000100000000-0x0000000140000000, reserved size: 1073741824
Narrow klass base: 0x0000000000000000, Narrow klass shift: 3, Narrow klass range: 0x140000000

GC Precious Log:
 CPUs: 4 total, 4 available
 Memory: 8025M
 Large Page Support: Disabled
 NUMA Support: Disabled
 Compressed Oops: Enabled (32-bit)
 Heap Region Size: 1M
 Heap Min Capacity: 8M
 Heap Initial Capacity: 126M
 Heap Max Capacity: 2G
 Pre-touch: Disabled
 Parallel Workers: 4
 Concurrent Workers: 1
 Concurrent Refinement Workers: 4
 Periodic GC: Disabled

Heap:
 garbage-first heap   total 82944K, used 56714K [0x0000000080000000, 0x0000000100000000)
  region size 1024K, 6 young (6144K), 2 survivors (2048K)
 Metaspace       used 65352K, committed 65920K, reserved 1105920K
  class space    used 8631K, committed 8896K, reserved 1048576K

Heap Regions: E=young(eden), S=young(survivor), O=old, HS=humongous(starts), HC=humongous(continues), CS=collection set, F=free, OA=open archive, CA=closed archive, TAMS=top-at-mark-start (previous, next)
|   0|0x0000000080000000, 0x0000000080100000, 0x0000000080100000|100%| O|  |TAMS 0x0000000080100000, 0x0000000080100000| Untracked 
|   1|0x0000000080100000, 0x0000000080200000, 0x0000000080200000|100%| O|  |TAMS 0x0000000080200000, 0x0000000080200000| Untracked 
|   2|0x0000000080200000, 0x0000000080300000, 0x0000000080300000|100%|HS|  |TAMS 0x0000000080300000, 0x0000000080300000| Complete 
|   3|0x0000000080300000, 0x0000000080400000, 0x0000000080400000|100%|HC|  |TAMS 0x0000000080400000, 0x0000000080400000| Complete 
|   4|0x0000000080400000, 0x0000000080500000, 0x0000000080500000|100%|HC|  |TAMS 0x0000000080500000, 0x0000000080500000| Complete 
|   5|0x0000000080500000, 0x0000000080600000, 0x0000000080600000|100%|HC|  |TAMS 0x0000000080600000, 0x0000000080600000| Complete 
|   6|0x0000000080600000, 0x0000000080700000, 0x0000000080700000|100%| O|  |TAMS 0x0000000080700000, 0x0000000080700000| Untracked 
|   7|0x0000000080700000, 0x0000000080800000, 0x0000000080800000|100%| O|  |TAMS 0x0000000080800000, 0x0000000080800000| Untracked 
|   8|0x0000000080800000, 0x0000000080900000, 0x0000000080900000|100%| O|  |TAMS 0x0000000080900000, 0x0000000080900000| Untracked 
|   9|0x0000000080900000, 0x0000000080a00000, 0x0000000080a00000|100%| O|  |TAMS 0x0000000080a00000, 0x0000000080a00000| Untracked 
|  10|0x0000000080a00000, 0x0000000080b00000, 0x0000000080b00000|100%| O|  |TAMS 0x0000000080b00000, 0x0000000080b00000| Untracked 
|  11|0x0000000080b00000, 0x0000000080c00000, 0x0000000080c00000|100%|HS|  |TAMS 0x0000000080b00000, 0x0000000080b00000| Complete 
|  12|0x0000000080c00000, 0x0000000080d00000, 0x0000000080d00000|100%| O|  |TAMS 0x0000000080d00000, 0x0000000080d00000| Untracked 
|  13|0x0000000080d00000, 0x0000000080e00000, 0x0000000080e00000|100%| O|  |TAMS 0x0000000080e00000, 0x0000000080e00000| Untracked 
|  14|0x0000000080e00000, 0x0000000080f00000, 0x0000000080f00000|100%| O|  |TAMS 0x0000000080f00000, 0x0000000080f00000| Untracked 
|  15|0x0000000080f00000, 0x0000000081000000, 0x0000000081000000|100%| O|  |TAMS 0x0000000081000000, 0x0000000081000000| Untracked 
|  16|0x0000000081000000, 0x0000000081100000, 0x0000000081100000|100%| O|  |TAMS 0x0000000081100000, 0x0000000081100000| Untracked 
|  17|0x0000000081100000, 0x0000000081200000, 0x0000000081200000|100%| O|  |TAMS 0x0000000081200000, 0x0000000081200000| Untracked 
|  18|0x0000000081200000, 0x0000000081300000, 0x0000000081300000|100%| O|  |TAMS 0x0000000081300000, 0x0000000081300000| Untracked 
|  19|0x0000000081300000, 0x0000000081400000, 0x0000000081400000|100%| O|  |TAMS 0x0000000081400000, 0x0000000081400000| Untracked 
|  20|0x0000000081400000, 0x0000000081500000, 0x0000000081500000|100%| O|  |TAMS 0x0000000081500000, 0x0000000081500000| Untracked 
|  21|0x0000000081500000, 0x0000000081600000, 0x0000000081600000|100%| O|  |TAMS 0x0000000081600000, 0x0000000081600000| Untracked 
|  22|0x0000000081600000, 0x0000000081700000, 0x0000000081700000|100%| O|  |TAMS 0x0000000081700000, 0x0000000081700000| Untracked 
|  23|0x0000000081700000, 0x0000000081800000, 0x0000000081800000|100%| O|  |TAMS 0x0000000081800000, 0x0000000081800000| Untracked 
|  24|0x0000000081800000, 0x0000000081900000, 0x0000000081900000|100%| O|  |TAMS 0x0000000081900000, 0x0000000081900000| Untracked 
|  25|0x0000000081900000, 0x0000000081a00000, 0x0000000081a00000|100%| O|  |TAMS 0x0000000081a00000, 0x0000000081a00000| Untracked 
|  26|0x0000000081a00000, 0x0000000081b00000, 0x0000000081b00000|100%| O|  |TAMS 0x0000000081b00000, 0x0000000081b00000| Untracked 
|  27|0x0000000081b00000, 0x0000000081c00000, 0x0000000081c00000|100%| O|  |TAMS 0x0000000081c00000, 0x0000000081c00000| Untracked 
|  28|0x0000000081c00000, 0x0000000081d00000, 0x0000000081d00000|100%| O|  |TAMS 0x0000000081d00000, 0x0000000081d00000| Untracked 
|  29|0x0000000081d00000, 0x0000000081e00000, 0x0000000081e00000|100%| O|  |TAMS 0x0000000081e00000, 0x0000000081e00000| Untracked 
|  30|0x0000000081e00000, 0x0000000081f00000, 0x0000000081f00000|100%| O|  |TAMS 0x0000000081f00000, 0x0000000081f00000| Untracked 
|  31|0x0000000081f00000, 0x0000000082000000, 0x0000000082000000|100%| O|  |TAMS 0x0000000082000000, 0x0000000082000000| Untracked 
|  32|0x0000000082000000, 0x0000000082100000, 0x0000000082100000|100%|HS|  |TAMS 0x0000000082100000, 0x0000000082100000| Complete 
|  33|0x0000000082100000, 0x0000000082200000, 0x0000000082200000|100%|HS|  |TAMS 0x0000000082200000, 0x0000000082200000| Complete 
|  34|0x0000000082200000, 0x0000000082300000, 0x0000000082300000|100%|HS|  |TAMS 0x0000000082300000, 0x0000000082300000| Complete 
|  35|0x0000000082300000, 0x0000000082400000, 0x0000000082400000|100%| O|  |TAMS 0x0000000082300000, 0x0000000082400000| Untracked 
|  36|0x0000000082400000, 0x0000000082500000, 0x0000000082500000|100%| O|  |TAMS 0x0000000082500000, 0x0000000082500000| Untracked 
|  37|0x0000000082500000, 0x0000000082600000, 0x0000000082600000|100%| O|  |TAMS 0x0000000082600000, 0x0000000082600000| Untracked 
|  38|0x0000000082600000, 0x0000000082700000, 0x0000000082700000|100%| O|  |TAMS 0x0000000082700000, 0x0000000082700000| Untracked 
|  39|0x0000000082700000, 0x0000000082800000, 0x0000000082800000|100%| O|  |TAMS 0x0000000082800000, 0x0000000082800000| Untracked 
|  40|0x0000000082800000, 0x0000000082900000, 0x0000000082900000|100%| O|  |TAMS 0x0000000082900000, 0x0000000082900000| Untracked 
|  41|0x0000000082900000, 0x0000000082a00000, 0x0000000082a00000|100%| O|  |TAMS 0x0000000082a00000, 0x0000000082a00000| Untracked 
|  42|0x0000000082a00000, 0x0000000082b00000, 0x0000000082b00000|100%| O|  |TAMS 0x0000000082a8be00, 0x0000000082b00000| Untracked 
|  43|0x0000000082b00000, 0x0000000082c00000, 0x0000000082c00000|100%| O|  |TAMS 0x0000000082b00000, 0x0000000082c00000| Untracked 
|  44|0x0000000082c00000, 0x0000000082d00000, 0x0000000082d00000|100%| O|  |TAMS 0x0000000082c00000, 0x0000000082d00000| Untracked 
|  45|0x0000000082d00000, 0x0000000082e00000, 0x0000000082e00000|100%| O|  |TAMS 0x0000000082d00000, 0x0000000082e00000| Untracked 
|  46|0x0000000082e00000, 0x0000000082f00000, 0x0000000082f00000|100%| O|  |TAMS 0x0000000082e00000, 0x0000000082f00000| Untracked 
|  47|0x0000000082f00000, 0x0000000082f6da00, 0x0000000083000000| 42%| O|  |TAMS 0x0000000082f00000, 0x0000000082f6da00| Untracked 
|  48|0x0000000083000000, 0x0000000083100000, 0x0000000083100000|100%|HS|  |TAMS 0x0000000083000000, 0x0000000083000000| Complete 
|  49|0x0000000083100000, 0x0000000083200000, 0x0000000083200000|100%|HS|  |TAMS 0x0000000083100000, 0x0000000083100000| Complete 
|  50|0x0000000083200000, 0x0000000083300000, 0x0000000083300000|100%|HS|  |TAMS 0x0000000083200000, 0x0000000083200000| Complete 
|  51|0x0000000083300000, 0x0000000083300000, 0x0000000083400000|  0%| F|  |TAMS 0x0000000083300000, 0x0000000083300000| Untracked 
|  52|0x0000000083400000, 0x0000000083400000, 0x0000000083500000|  0%| F|  |TAMS 0x0000000083400000, 0x0000000083400000| Untracked 
|  53|0x0000000083500000, 0x0000000083500000, 0x0000000083600000|  0%| F|  |TAMS 0x0000000083500000, 0x0000000083500000| Untracked 
|  54|0x0000000083600000, 0x0000000083600000, 0x0000000083700000|  0%| F|  |TAMS 0x0000000083600000, 0x0000000083600000| Untracked 
|  55|0x0000000083700000, 0x0000000083700000, 0x0000000083800000|  0%| F|  |TAMS 0x0000000083700000, 0x0000000083700000| Untracked 
|  56|0x0000000083800000, 0x0000000083800000, 0x0000000083900000|  0%| F|  |TAMS 0x0000000083800000, 0x0000000083800000| Untracked 
|  57|0x0000000083900000, 0x0000000083900000, 0x0000000083a00000|  0%| F|  |TAMS 0x0000000083900000, 0x0000000083900000| Untracked 
|  58|0x0000000083a00000, 0x0000000083a00000, 0x0000000083b00000|  0%| F|  |TAMS 0x0000000083a00000, 0x0000000083a00000| Untracked 
|  59|0x0000000083b00000, 0x0000000083b00000, 0x0000000083c00000|  0%| F|  |TAMS 0x0000000083b00000, 0x0000000083b00000| Untracked 
|  60|0x0000000083c00000, 0x0000000083c00000, 0x0000000083d00000|  0%| F|  |TAMS 0x0000000083c00000, 0x0000000083c00000| Untracked 
|  61|0x0000000083d00000, 0x0000000083d00000, 0x0000000083e00000|  0%| F|  |TAMS 0x0000000083d00000, 0x0000000083d00000| Untracked 
|  62|0x0000000083e00000, 0x0000000083e00000, 0x0000000083f00000|  0%| F|  |TAMS 0x0000000083e00000, 0x0000000083e00000| Untracked 
|  63|0x0000000083f00000, 0x0000000083f00000, 0x0000000084000000|  0%| F|  |TAMS 0x0000000083f00000, 0x0000000083f00000| Untracked 
|  64|0x0000000084000000, 0x0000000084000000, 0x0000000084100000|  0%| F|  |TAMS 0x0000000084000000, 0x0000000084000000| Untracked 
|  65|0x0000000084100000, 0x0000000084100000, 0x0000000084200000|  0%| F|  |TAMS 0x0000000084100000, 0x0000000084100000| Untracked 
|  66|0x0000000084200000, 0x00000000842f4e20, 0x0000000084300000| 95%| S|CS|TAMS 0x0000000084200000, 0x0000000084200000| Complete 
|  67|0x0000000084300000, 0x0000000084400000, 0x0000000084400000|100%| S|CS|TAMS 0x0000000084300000, 0x0000000084300000| Complete 
|  68|0x0000000084400000, 0x0000000084400000, 0x0000000084500000|  0%| F|  |TAMS 0x0000000084400000, 0x0000000084400000| Untracked 
|  69|0x0000000084500000, 0x0000000084500000, 0x0000000084600000|  0%| F|  |TAMS 0x0000000084500000, 0x0000000084500000| Untracked 
|  70|0x0000000084600000, 0x0000000084600000, 0x0000000084700000|  0%| F|  |TAMS 0x0000000084600000, 0x0000000084600000| Untracked 
|  71|0x0000000084700000, 0x0000000084700000, 0x0000000084800000|  0%| F|  |TAMS 0x0000000084700000, 0x0000000084700000| Untracked 
|  75|0x0000000084b00000, 0x0000000084b00000, 0x0000000084c00000|  0%| F|  |TAMS 0x0000000084b00000, 0x0000000084b00000| Untracked 
|  76|0x0000000084c00000, 0x0000000084c00000, 0x0000000084d00000|  0%| F|  |TAMS 0x0000000084c00000, 0x0000000084c00000| Untracked 
|  77|0x0000000084d00000, 0x0000000084d00000, 0x0000000084e00000|  0%| F|  |TAMS 0x0000000084d00000, 0x0000000084d00000| Untracked 
|  78|0x0000000084e00000, 0x0000000084e00000, 0x0000000084f00000|  0%| F|  |TAMS 0x0000000084e00000, 0x0000000084e00000| Untracked 
|  79|0x0000000084f00000, 0x0000000084f00000, 0x0000000085000000|  0%| F|  |TAMS 0x0000000084f00000, 0x0000000084f00000| Untracked 
|  80|0x0000000085000000, 0x0000000085100000, 0x0000000085100000|100%| E|  |TAMS 0x0000000085000000, 0x0000000085000000| Complete 
|  81|0x0000000085100000, 0x0000000085200000, 0x0000000085200000|100%| E|CS|TAMS 0x0000000085100000, 0x0000000085100000| Complete 
|  82|0x0000000085200000, 0x0000000085300000, 0x0000000085300000|100%| E|CS|TAMS 0x0000000085200000, 0x0000000085200000| Complete 
| 125|0x0000000087d00000, 0x0000000087e00000, 0x0000000087e00000|100%| E|CS|TAMS 0x0000000087d00000, 0x0000000087d00000| Complete 

Card table byte_map: [0x000002a792c40000,0x000002a793040000] _byte_map_base: 0x000002a792840000

Marking Bits (Prev, Next): (CMBitMap*) 0x000002a7ffd01860, (CMBitMap*) 0x000002a7ffd01820
 Prev Bits: [0x000002a795440000, 0x000002a797440000)
 Next Bits: [0x000002a793440000, 0x000002a795440000)

Polling page: 0x000002a7ffd70000

Metaspace:

Usage:
  Non-class:     55.39 MB used.
      Class:      8.43 MB used.
       Both:     63.82 MB used.

Virtual space:
  Non-class space:       56.00 MB reserved,      55.69 MB (>99%) committed,  7 nodes.
      Class space:        1.00 GB reserved,       8.69 MB ( <1%) committed,  1 nodes.
             Both:        1.05 GB reserved,      64.38 MB (  6%) committed. 

Chunk freelists:
   Non-Class:  154.00 KB
       Class:  3.37 MB
        Both:  3.52 MB

MaxMetaspaceSize: unlimited
CompressedClassSpaceSize: 1.00 GB
Initial GC threshold: 21.00 MB
Current GC threshold: 97.31 MB
CDS: off
MetaspaceReclaimPolicy: balanced
 - commit_granule_bytes: 65536.
 - commit_granule_words: 8192.
 - virtual_space_node_default_size: 1048576.
 - enlarge_chunks_in_place: 1.
 - new_chunks_are_fully_committed: 0.
 - uncommit_free_chunks: 1.
 - use_allocation_guard: 0.
 - handle_deallocations: 1.


Internal statistics:

num_allocs_failed_limit: 6.
num_arena_births: 700.
num_arena_deaths: 0.
num_vsnodes_births: 8.
num_vsnodes_deaths: 0.
num_space_committed: 1030.
num_space_uncommitted: 0.
num_chunks_returned_to_freelist: 6.
num_chunks_taken_from_freelist: 2800.
num_chunk_merges: 6.
num_chunk_splits: 1887.
num_chunks_enlarged: 1319.
num_purges: 0.
num_inconsistent_stats: 0.

CodeHeap 'non-profiled nmethods': size=120000Kb used=3237Kb max_used=3237Kb free=116762Kb
 bounds [0x000002a78aed0000, 0x000002a78b200000, 0x000002a792400000]
CodeHeap 'profiled nmethods': size=120000Kb used=12667Kb max_used=12667Kb free=107332Kb
 bounds [0x000002a783400000, 0x000002a784060000, 0x000002a78a930000]
CodeHeap 'non-nmethods': size=5760Kb used=2349Kb max_used=2410Kb free=3410Kb
 bounds [0x000002a78a930000, 0x000002a78aba0000, 0x000002a78aed0000]
 total_blobs=7300 nmethods=6423 adapters=789
 compilation: enabled
              stopped_count=0, restarted_count=0
 full_count=0

Compilation events (20 events):
Event: 26.506 Thread 0x000002a79a481f60 6488       3       java.math.BigInteger::implSquareToLenChecks (206 bytes)
Event: 26.508 Thread 0x000002a79a481f60 nmethod 6488 0x000002a784056c90 code [0x000002a7840571a0, 0x000002a784059118]
Event: 26.508 Thread 0x000002a79a481f60 6489       3       java.math.BigInteger::squareToLen (33 bytes)
Event: 26.508 Thread 0x000002a79a481f60 nmethod 6489 0x000002a784059c10 code [0x000002a784059dc0, 0x000002a78405a058]
Event: 26.514 Thread 0x000002a79a481f60 6490       3       java.math.BigInteger::multiplyToLenCheck (28 bytes)
Event: 26.514 Thread 0x000002a79a481f60 nmethod 6490 0x000002a78405a190 code [0x000002a78405a360, 0x000002a78405a718]
Event: 26.537 Thread 0x000002a79a481f60 6493       3       jdk.internal.reflect.AccessorGenerator::add (5 bytes)
Event: 26.537 Thread 0x000002a79a481f60 nmethod 6493 0x000002a78405a890 code [0x000002a78405aa20, 0x000002a78405ab18]
Event: 26.538 Thread 0x000002a79a481f60 6494       3       java.util.regex.ASCII::toLower (16 bytes)
Event: 26.538 Thread 0x000002a79a481f60 nmethod 6494 0x000002a78405ab90 code [0x000002a78405ad20, 0x000002a78405af18]
Event: 26.538 Thread 0x000002a79a481f60 6495       3       java.util.regex.ASCII::isUpper (18 bytes)
Event: 26.539 Thread 0x000002a79a481f60 nmethod 6495 0x000002a78405b010 code [0x000002a78405b1a0, 0x000002a78405b2f8]
Event: 26.548 Thread 0x000002a79a481f60 6496       3       sun.security.util.SignatureFileVerifier::updateSigners (132 bytes)
Event: 26.549 Thread 0x000002a79a481f60 nmethod 6496 0x000002a78405b390 code [0x000002a78405b640, 0x000002a78405c5f8]
Event: 26.549 Thread 0x000002a79a481f60 6497       3       sun.security.util.SignatureFileVerifier::matches (93 bytes)
Event: 26.550 Thread 0x000002a79a481f60 nmethod 6497 0x000002a78405cc10 code [0x000002a78405ce40, 0x000002a78405d6f8]
Event: 26.551 Thread 0x000002a79a481f60 6498       3       java.security.Provider$UString::hashCode (8 bytes)
Event: 26.551 Thread 0x000002a79a481f60 nmethod 6498 0x000002a78405da10 code [0x000002a78405dbc0, 0x000002a78405dd08]
Event: 26.551 Thread 0x000002a79a481f60 6499       3       sun.security.util.SecurityProviderConstants::getAliases (65 bytes)
Event: 26.552 Thread 0x000002a79a481f60 nmethod 6499 0x000002a78405de10 code [0x000002a78405e080, 0x000002a78405e988]

GC Heap History (20 events):
Event: 16.141 GC heap before
{Heap before GC invocations=11 (full 0):
 garbage-first heap   total 68608K, used 51881K [0x0000000080000000, 0x0000000100000000)
  region size 1024K, 25 young (25600K), 4 survivors (4096K)
 Metaspace       used 42496K, committed 42880K, reserved 1089536K
  class space    used 5556K, committed 5696K, reserved 1048576K
}
Event: 16.151 GC heap after
{Heap after GC invocations=12 (full 0):
 garbage-first heap   total 68608K, used 28607K [0x0000000080000000, 0x0000000100000000)
  region size 1024K, 3 young (3072K), 3 survivors (3072K)
 Metaspace       used 42496K, committed 42880K, reserved 1089536K
  class space    used 5556K, committed 5696K, reserved 1048576K
}
Event: 16.989 GC heap before
{Heap before GC invocations=12 (full 0):
 garbage-first heap   total 68608K, used 49087K [0x0000000080000000, 0x0000000100000000)
  region size 1024K, 23 young (23552K), 3 survivors (3072K)
 Metaspace       used 44330K, committed 44736K, reserved 1089536K
  class space    used 5729K, committed 5888K, reserved 1048576K
}
Event: 16.997 GC heap after
{Heap after GC invocations=13 (full 0):
 garbage-first heap   total 82944K, used 30076K [0x0000000080000000, 0x0000000100000000)
  region size 1024K, 2 young (2048K), 2 survivors (2048K)
 Metaspace       used 44330K, committed 44736K, reserved 1089536K
  class space    used 5729K, committed 5888K, reserved 1048576K
}
Event: 17.905 GC heap before
{Heap before GC invocations=13 (full 0):
 garbage-first heap   total 82944K, used 59772K [0x0000000080000000, 0x0000000100000000)
  region size 1024K, 31 young (31744K), 2 survivors (2048K)
 Metaspace       used 48193K, committed 48640K, reserved 1097728K
  class space    used 6391K, committed 6592K, reserved 1048576K
}
Event: 17.912 GC heap after
{Heap after GC invocations=14 (full 0):
 garbage-first heap   total 82944K, used 31961K [0x0000000080000000, 0x0000000100000000)
  region size 1024K, 4 young (4096K), 4 survivors (4096K)
 Metaspace       used 48193K, committed 48640K, reserved 1097728K
  class space    used 6391K, committed 6592K, reserved 1048576K
}
Event: 19.161 GC heap before
{Heap before GC invocations=14 (full 0):
 garbage-first heap   total 82944K, used 61657K [0x0000000080000000, 0x0000000100000000)
  region size 1024K, 33 young (33792K), 4 survivors (4096K)
 Metaspace       used 52288K, committed 52736K, reserved 1097728K
  class space    used 7026K, committed 7232K, reserved 1048576K
}
Event: 19.173 GC heap after
{Heap after GC invocations=15 (full 0):
 garbage-first heap   total 82944K, used 33435K [0x0000000080000000, 0x0000000100000000)
  region size 1024K, 4 young (4096K), 4 survivors (4096K)
 Metaspace       used 52288K, committed 52736K, reserved 1097728K
  class space    used 7026K, committed 7232K, reserved 1048576K
}
Event: 20.459 GC heap before
{Heap before GC invocations=15 (full 0):
 garbage-first heap   total 82944K, used 63131K [0x0000000080000000, 0x0000000100000000)
  region size 1024K, 33 young (33792K), 4 survivors (4096K)
 Metaspace       used 53496K, committed 53952K, reserved 1097728K
  class space    used 7140K, committed 7360K, reserved 1048576K
}
Event: 20.472 GC heap after
{Heap after GC invocations=16 (full 0):
 garbage-first heap   total 82944K, used 37034K [0x0000000080000000, 0x0000000100000000)
  region size 1024K, 5 young (5120K), 5 survivors (5120K)
 Metaspace       used 53496K, committed 53952K, reserved 1097728K
  class space    used 7140K, committed 7360K, reserved 1048576K
}
Event: 21.998 GC heap before
{Heap before GC invocations=16 (full 0):
 garbage-first heap   total 82944K, used 66730K [0x0000000080000000, 0x0000000100000000)
  region size 1024K, 31 young (31744K), 5 survivors (5120K)
 Metaspace       used 55981K, committed 56448K, reserved 1097728K
  class space    used 7481K, committed 7680K, reserved 1048576K
}
Event: 22.010 GC heap after
{Heap after GC invocations=17 (full 0):
 garbage-first heap   total 82944K, used 45858K [0x0000000080000000, 0x0000000100000000)
  region size 1024K, 4 young (4096K), 4 survivors (4096K)
 Metaspace       used 55981K, committed 56448K, reserved 1097728K
  class space    used 7481K, committed 7680K, reserved 1048576K
}
Event: 23.363 GC heap before
{Heap before GC invocations=17 (full 0):
 garbage-first heap   total 82944K, used 64290K [0x0000000080000000, 0x0000000100000000)
  region size 1024K, 22 young (22528K), 4 survivors (4096K)
 Metaspace       used 59282K, committed 59776K, reserved 1105920K
  class space    used 7854K, committed 8064K, reserved 1048576K
}
Event: 23.368 GC heap after
{Heap after GC invocations=18 (full 0):
 garbage-first heap   total 82944K, used 46944K [0x0000000080000000, 0x0000000100000000)
  region size 1024K, 1 young (1024K), 1 survivors (1024K)
 Metaspace       used 59282K, committed 59776K, reserved 1105920K
  class space    used 7854K, committed 8064K, reserved 1048576K
}
Event: 25.778 GC heap before
{Heap before GC invocations=19 (full 0):
 garbage-first heap   total 82944K, used 66400K [0x0000000080000000, 0x0000000100000000)
  region size 1024K, 20 young (20480K), 1 survivors (1024K)
 Metaspace       used 61791K, committed 62336K, reserved 1105920K
  class space    used 8182K, committed 8448K, reserved 1048576K
}
Event: 25.790 GC heap after
{Heap after GC invocations=20 (full 0):
 garbage-first heap   total 82944K, used 47608K [0x0000000080000000, 0x0000000100000000)
  region size 1024K, 2 young (2048K), 2 survivors (2048K)
 Metaspace       used 61791K, committed 62336K, reserved 1105920K
  class space    used 8182K, committed 8448K, reserved 1048576K
}
Event: 25.988 GC heap before
{Heap before GC invocations=20 (full 0):
 garbage-first heap   total 82944K, used 49656K [0x0000000080000000, 0x0000000100000000)
  region size 1024K, 4 young (4096K), 2 survivors (2048K)
 Metaspace       used 63074K, committed 63680K, reserved 1105920K
  class space    used 8342K, committed 8576K, reserved 1048576K
}
Event: 25.996 GC heap after
{Heap after GC invocations=21 (full 0):
 garbage-first heap   total 82944K, used 48077K [0x0000000080000000, 0x0000000100000000)
  region size 1024K, 1 young (1024K), 1 survivors (1024K)
 Metaspace       used 63074K, committed 63680K, reserved 1105920K
  class space    used 8342K, committed 8576K, reserved 1048576K
}
Event: 26.564 GC heap before
{Heap before GC invocations=21 (full 0):
 garbage-first heap   total 82944K, used 59341K [0x0000000080000000, 0x0000000100000000)
  region size 1024K, 13 young (13312K), 1 survivors (1024K)
 Metaspace       used 65352K, committed 65920K, reserved 1105920K
  class space    used 8631K, committed 8896K, reserved 1048576K
}
Event: 26.569 GC heap after
{Heap after GC invocations=22 (full 0):
 garbage-first heap   total 82944K, used 49546K [0x0000000080000000, 0x0000000100000000)
  region size 1024K, 2 young (2048K), 2 survivors (2048K)
 Metaspace       used 65352K, committed 65920K, reserved 1105920K
  class space    used 8631K, committed 8896K, reserved 1048576K
}

Dll operation events (2 events):
Event: 0.043 Loaded shared library C:\Program Files\Android\Android Studio2\jbr\bin\java.dll
Event: 5.664 Loaded shared library C:\Program Files\Android\Android Studio2\jbr\bin\verify.dll

Deoptimization events (20 events):
Event: 26.553 Thread 0x000002a79bdd8960 Uncommon trap: trap_request=0xffffff45 fr.pc=0x000002a78b0029f4 relative=0x0000000000000074
Event: 26.553 Thread 0x000002a79bdd8960 Uncommon trap: reason=unstable_if action=reinterpret pc=0x000002a78b0029f4 method=java.security.CodeSource.getCertificates()[Ljava/security/cert/Certificate; @ 22 c2
Event: 26.553 Thread 0x000002a79bdd8960 DEOPT PACKING pc=0x000002a78b0029f4 sp=0x000000ce154f2e00
Event: 26.553 Thread 0x000002a79bdd8960 DEOPT UNPACKING pc=0x000002a78a9869a3 sp=0x000000ce154f2d88 mode 2
Event: 26.554 Thread 0x000002a79bdd8960 Uncommon trap: trap_request=0xffffff45 fr.pc=0x000002a78afd09a0 relative=0x0000000000000080
Event: 26.554 Thread 0x000002a79bdd8960 Uncommon trap: reason=unstable_if action=reinterpret pc=0x000002a78afd09a0 method=java.util.jar.JarFile.maybeInstantiateVerifier()V @ 4 c2
Event: 26.554 Thread 0x000002a79bdd8960 DEOPT PACKING pc=0x000002a78afd09a0 sp=0x000000ce154f16d0
Event: 26.554 Thread 0x000002a79bdd8960 DEOPT UNPACKING pc=0x000002a78a9869a3 sp=0x000000ce154f1668 mode 2
Event: 26.554 Thread 0x000002a79bdd8960 Uncommon trap: trap_request=0xffffff45 fr.pc=0x000002a78b0e8940 relative=0x00000000000013e0
Event: 26.554 Thread 0x000002a79bdd8960 Uncommon trap: reason=unstable_if action=reinterpret pc=0x000002a78b0e8940 method=java.security.CodeSource.matchCerts(Ljava/security/CodeSource;Z)Z @ 11 c2
Event: 26.554 Thread 0x000002a79bdd8960 DEOPT PACKING pc=0x000002a78b0e8940 sp=0x000000ce154f1740
Event: 26.554 Thread 0x000002a79bdd8960 DEOPT UNPACKING pc=0x000002a78a9869a3 sp=0x000000ce154f15c0 mode 2
Event: 26.554 Thread 0x000002a79bdd8960 Uncommon trap: trap_request=0xffffff45 fr.pc=0x000002a78b075464 relative=0x0000000000001224
Event: 26.554 Thread 0x000002a79bdd8960 Uncommon trap: reason=unstable_if action=reinterpret pc=0x000002a78b075464 method=java.security.CodeSource.getCertificates()[Ljava/security/cert/Certificate; @ 4 c2
Event: 26.554 Thread 0x000002a79bdd8960 DEOPT PACKING pc=0x000002a78b075464 sp=0x000000ce154f1680
Event: 26.554 Thread 0x000002a79bdd8960 DEOPT UNPACKING pc=0x000002a78a9869a3 sp=0x000000ce154f1600 mode 2
Event: 26.555 Thread 0x000002a79bdd8960 Uncommon trap: trap_request=0xffffff54 fr.pc=0x000002a78b00a214 relative=0x0000000000000934
Event: 26.555 Thread 0x000002a79bdd8960 Uncommon trap: reason=speculate_null_assert action=make_not_entrant pc=0x000002a78b00a214 method=java.util.jar.JarFile.getVersionedEntry(Ljava/lang/String;Ljava/util/jar/JarEntry;)Ljava/util/jar/JarEntry; @ 115 c2
Event: 26.555 Thread 0x000002a79bdd8960 DEOPT PACKING pc=0x000002a78b00a214 sp=0x000000ce154f30e0
Event: 26.555 Thread 0x000002a79bdd8960 DEOPT UNPACKING pc=0x000002a78a9869a3 sp=0x000000ce154f30a8 mode 2

Classes unloaded (0 events):
No events

Classes redefined (0 events):
No events

Internal exceptions (20 events):
Event: 19.078 Thread 0x000002a79bdd8960 Exception <a 'java/lang/NoSuchMethodError'{0x00000000836b19b0}: 'java.lang.Object java.lang.invoke.DirectMethodHandle$Holder.newInvokeSpecial(java.lang.Object, java.lang.Object, java.lang.Object, java.lang.Object, java.lang.Object, int)'> (0x00000000836b19b0) 
thrown [s\src\hotspot\share\interpreter\linkResolver.cpp, line 771]
Event: 19.078 Thread 0x000002a79bdd8960 Exception <a 'java/lang/NoSuchMethodError'{0x00000000836b7008}: 'java.lang.Object java.lang.invoke.DirectMethodHandle$Holder.invokeSpecial(java.lang.Object, java.lang.Object, java.lang.Object, java.lang.Object, java.lang.Object, java.lang.Object, int)'> (0x00000000836b7008) 
thrown [s\src\hotspot\share\interpreter\linkResolver.cpp, line 771]
Event: 19.107 Thread 0x000002a79bdd8960 Exception <a 'java/lang/NoSuchMethodError'{0x0000000083589418}: 'void java.lang.invoke.DirectMethodHandle$Holder.invokeStatic(java.lang.Object, java.lang.Object, java.lang.Object, int, java.lang.Object)'> (0x0000000083589418) 
thrown [s\src\hotspot\share\interpreter\linkResolver.cpp, line 771]
Event: 20.233 Thread 0x000002a79bdd8960 Exception <a 'java/lang/NoSuchMethodError'{0x0000000083931440}: 'long java.lang.invoke.DirectMethodHandle$Holder.invokeVirtual(java.lang.Object, java.lang.Object)'> (0x0000000083931440) 
thrown [s\src\hotspot\share\interpreter\linkResolver.cpp, line 771]
Event: 20.242 Thread 0x000002a79bdf1e00 Exception <a 'java/lang/NoSuchMethodError'{0x0000000083988558}: static Lorg/gradle/internal/build/event/types/DefaultOperationFinishedProgressEvent;.<clinit>()V> (0x0000000083988558) 
thrown [s\src\hotspot\share\prims\jni.cpp, line 1108]
Event: 20.249 Thread 0x000002a79bdf1e00 Exception <a 'java/lang/NoSuchMethodError'{0x00000000839ad5a0}: static Lorg/gradle/internal/build/event/types/DefaultProjectConfigurationSuccessResult;.<clinit>()V> (0x00000000839ad5a0) 
thrown [s\src\hotspot\share\prims\jni.cpp, line 1108]
Event: 20.249 Thread 0x000002a79bdf1e00 Exception <a 'java/lang/NoSuchMethodError'{0x00000000839aeae8}: static Lorg/gradle/internal/build/event/types/AbstractProjectConfigurationResult;.<clinit>()V> (0x00000000839aeae8) 
thrown [s\src\hotspot\share\prims\jni.cpp, line 1108]
Event: 20.249 Thread 0x000002a79bdf1e00 Exception <a 'java/lang/NoSuchMethodError'{0x00000000839affe8}: static Lorg/gradle/internal/build/event/types/AbstractOperationResult;.<clinit>()V> (0x00000000839affe8) 
thrown [s\src\hotspot\share\prims\jni.cpp, line 1108]
Event: 20.249 Thread 0x000002a79bdf1e00 Exception <a 'java/lang/NoSuchMethodError'{0x00000000839b11f8}: static Lorg/gradle/internal/build/event/types/AbstractResult;.<clinit>()V> (0x00000000839b11f8) 
thrown [s\src\hotspot\share\prims\jni.cpp, line 1108]
Event: 20.253 Thread 0x000002a79bdf1e00 Exception <a 'java/lang/NoSuchMethodError'{0x00000000839c6c60}: static Lorg/gradle/internal/build/event/types/DefaultPluginApplicationResult;.<clinit>()V> (0x00000000839c6c60) 
thrown [s\src\hotspot\share\prims\jni.cpp, line 1108]
Event: 20.255 Thread 0x000002a79bdf1e00 Exception <a 'java/lang/NoSuchMethodError'{0x00000000839d1ff8}: static Lorg/gradle/internal/build/event/types/DefaultBinaryPluginIdentifier;.<clinit>()V> (0x00000000839d1ff8) 
thrown [s\src\hotspot\share\prims\jni.cpp, line 1108]
Event: 20.259 Thread 0x000002a79bdf1e00 Exception <a 'java/lang/NoSuchMethodError'{0x00000000839fa898}: static Lorg/gradle/internal/build/event/types/DefaultScriptPluginIdentifier;.<clinit>()V> (0x00000000839fa898) 
thrown [s\src\hotspot\share\prims\jni.cpp, line 1108]
Event: 20.790 Thread 0x000002a79bdd8960 Exception <a 'java/lang/ClassNotFoundException'{0x00000000847395b0}: org/gradle/api/internal/plugins/DefaultObjectConfigurationActionBeanInfo> (0x00000000847395b0) 
thrown [s\src\hotspot\share\classfile\systemDictionary.cpp, line 256]
Event: 20.791 Thread 0x000002a79bdd8960 Exception <a 'java/lang/ClassNotFoundException'{0x000000008474d398}: org/gradle/api/internal/plugins/DefaultObjectConfigurationActionCustomizer> (0x000000008474d398) 
thrown [s\src\hotspot\share\classfile\systemDictionary.cpp, line 256]
Event: 21.252 Thread 0x000002a79bdd8960 Exception <a 'java/lang/NoSuchMethodError'{0x0000000083c070e0}: 'java.lang.Object java.lang.invoke.DirectMethodHandle$Holder.newInvokeSpecial(java.lang.Object, java.lang.Object, java.lang.Object, java.lang.Object, int)'> (0x0000000083c070e0) 
thrown [s\src\hotspot\share\interpreter\linkResolver.cpp, line 771]
Event: 21.253 Thread 0x000002a79bdd8960 Exception <a 'java/lang/NoSuchMethodError'{0x0000000083c0c528}: 'java.lang.Object java.lang.invoke.DirectMethodHandle$Holder.invokeSpecial(java.lang.Object, java.lang.Object, java.lang.Object, java.lang.Object, java.lang.Object, int)'> (0x0000000083c0c528) 
thrown [s\src\hotspot\share\interpreter\linkResolver.cpp, line 771]
Event: 21.253 Thread 0x000002a79bdd8960 Exception <a 'java/lang/NoSuchMethodError'{0x0000000083c112a8}: 'java.lang.Object java.lang.invoke.Invokers$Holder.linkToTargetMethod(java.lang.Object, java.lang.Object, java.lang.Object, int, java.lang.Object)'> (0x0000000083c112a8) 
thrown [s\src\hotspot\share\interpreter\linkResolver.cpp, line 771]
Event: 22.805 Thread 0x000002a79bdd8960 Exception <a 'java/lang/NoSuchMethodError'{0x0000000084d40460}: 'int java.lang.invoke.DirectMethodHandle$Holder.invokeInterface(java.lang.Object, java.lang.Object, java.lang.Object, java.lang.Object)'> (0x0000000084d40460) 
thrown [s\src\hotspot\share\interpreter\linkResolver.cpp, line 771]
Event: 25.880 Thread 0x000002a79bdd8960 Exception <a 'java/lang/IncompatibleClassChangeError'{0x0000000087df54f0}: Found class java.lang.Object, but interface was expected> (0x0000000087df54f0) 
thrown [s\src\hotspot\share\interpreter\linkResolver.cpp, line 838]
Event: 26.007 Thread 0x000002a79bdd8960 Implicit null exception at 0x000002a78b1a4060 to 0x000002a78b1a420c

VM Operations (20 events):
Event: 22.804 Executing VM operation: HandshakeAllThreads
Event: 22.804 Executing VM operation: HandshakeAllThreads done
Event: 23.331 Executing VM operation: G1CollectForAllocation
Event: 23.371 Executing VM operation: G1CollectForAllocation done
Event: 23.466 Executing VM operation: G1Concurrent
Event: 23.471 Executing VM operation: G1Concurrent done
Event: 23.520 Executing VM operation: G1Concurrent
Event: 23.520 Executing VM operation: G1Concurrent done
Event: 24.525 Executing VM operation: Cleanup
Event: 24.550 Executing VM operation: Cleanup done
Event: 25.778 Executing VM operation: G1CollectForAllocation
Event: 25.790 Executing VM operation: G1CollectForAllocation done
Event: 25.987 Executing VM operation: G1CollectForAllocation
Event: 25.996 Executing VM operation: G1CollectForAllocation done
Event: 26.234 Executing VM operation: HandshakeAllThreads
Event: 26.235 Executing VM operation: HandshakeAllThreads done
Event: 26.305 Executing VM operation: HandshakeAllThreads
Event: 26.306 Executing VM operation: HandshakeAllThreads done
Event: 26.564 Executing VM operation: G1TryInitiateConcMark
Event: 26.569 Executing VM operation: G1TryInitiateConcMark done

Events (20 events):
Event: 26.467 loading class java/security/cert/CertPathValidatorException$BasicReason
Event: 26.467 loading class java/security/cert/CertPathValidatorException$Reason
Event: 26.467 loading class java/security/cert/CertPathValidatorException$Reason done
Event: 26.467 loading class java/security/cert/CertPathValidatorException$BasicReason done
Event: 26.468 loading class java/security/SignatureException
Event: 26.468 loading class java/security/SignatureException done
Event: 26.480 loading class sun/security/rsa/RSASignature$SHA256withRSA
Event: 26.481 loading class sun/security/rsa/RSASignature$SHA256withRSA done
Event: 26.485 loading class sun/security/provider/DSA$SHA256withDSA
Event: 26.485 loading class sun/security/provider/DSA$SHA256withDSA done
Event: 26.546 loading class java/util/Base64
Event: 26.546 loading class java/util/Base64 done
Event: 26.546 loading class java/util/Base64$Decoder
Event: 26.547 loading class java/util/Base64$Decoder done
Event: 26.547 loading class java/util/Base64$Encoder
Event: 26.547 loading class java/util/Base64$Encoder done
Event: 26.550 loading class java/util/jar/JarVerifier$VerifierStream
Event: 26.550 loading class java/util/jar/JarVerifier$VerifierStream done
Event: 26.551 loading class sun/security/util/ManifestEntryVerifier$SunProviderHolder
Event: 26.551 loading class sun/security/util/ManifestEntryVerifier$SunProviderHolder done


Dynamic libraries:
0x00007ff607e80000 - 0x00007ff607e8a000 	C:\Program Files\Android\Android Studio2\jbr\bin\java.exe
0x00007ff8012d0000 - 0x00007ff8014e7000 	C:\WINDOWS\SYSTEM32\ntdll.dll
0x00007ff8002e0000 - 0x00007ff8003a4000 	C:\WINDOWS\System32\KERNEL32.DLL
0x00007ffffe950000 - 0x00007ffffecf6000 	C:\WINDOWS\System32\KERNELBASE.dll
0x00007ffffed00000 - 0x00007ffffee11000 	C:\WINDOWS\System32\ucrtbase.dll
0x00007ffff0970000 - 0x00007ffff0987000 	C:\Program Files\Android\Android Studio2\jbr\bin\jli.dll
0x00007ff8006a0000 - 0x00007ff80084e000 	C:\WINDOWS\System32\USER32.dll
0x00007ffffe860000 - 0x00007ffffe886000 	C:\WINDOWS\System32\win32u.dll
0x00007fffff440000 - 0x00007fffff469000 	C:\WINDOWS\System32\GDI32.dll
0x00007ffffe630000 - 0x00007ffffe748000 	C:\WINDOWS\System32\gdi32full.dll
0x00007ffffe750000 - 0x00007ffffe7ea000 	C:\WINDOWS\System32\msvcp_win.dll
0x00007fffc7590000 - 0x00007fffc75ab000 	C:\Program Files\Android\Android Studio2\jbr\bin\VCRUNTIME140.dll
0x00007fffe7b00000 - 0x00007fffe7d93000 	C:\WINDOWS\WinSxS\amd64_microsoft.windows.common-controls_6595b64144ccf1df_6.0.22621.2506_none_270c5ae97388e100\COMCTL32.dll
0x00007fffff010000 - 0x00007fffff0b7000 	C:\WINDOWS\System32\msvcrt.dll
0x00007fffff0c0000 - 0x00007fffff0f1000 	C:\WINDOWS\System32\IMM32.DLL
0x00007fffecf60000 - 0x00007fffecf6c000 	C:\Program Files\Android\Android Studio2\jbr\bin\vcruntime140_1.dll
0x00007fffb4eb0000 - 0x00007fffb4f3d000 	C:\Program Files\Android\Android Studio2\jbr\bin\msvcp140.dll
0x00007fffb6cc0000 - 0x00007fffb792e000 	C:\Program Files\Android\Android Studio2\jbr\bin\server\jvm.dll
0x00007fffff590000 - 0x00007fffff641000 	C:\WINDOWS\System32\ADVAPI32.dll
0x00007ff8003c0000 - 0x00007ff800465000 	C:\WINDOWS\System32\sechost.dll
0x00007ff800020000 - 0x00007ff800137000 	C:\WINDOWS\System32\RPCRT4.dll
0x00007ffff0a00000 - 0x00007ffff0a09000 	C:\WINDOWS\SYSTEM32\WSOCK32.dll
0x00007fffff4f0000 - 0x00007fffff561000 	C:\WINDOWS\System32\WS2_32.dll
0x00007ffff11c0000 - 0x00007ffff11f4000 	C:\WINDOWS\SYSTEM32\WINMM.dll
0x00007fffecbf0000 - 0x00007fffecbfa000 	C:\WINDOWS\SYSTEM32\VERSION.dll
0x00007ffffd630000 - 0x00007ffffd648000 	C:\WINDOWS\SYSTEM32\kernel.appcore.dll
0x00007ffff5880000 - 0x00007ffff588a000 	C:\Program Files\Android\Android Studio2\jbr\bin\jimage.dll
0x00007ffff8c80000 - 0x00007ffff8eb3000 	C:\WINDOWS\SYSTEM32\DBGHELP.DLL
0x00007fffffb80000 - 0x00007ffffff09000 	C:\WINDOWS\System32\combase.dll
0x00007ffffff10000 - 0x00007ffffffe7000 	C:\WINDOWS\System32\OLEAUT32.dll
0x00007fffe1250000 - 0x00007fffe1282000 	C:\WINDOWS\SYSTEM32\dbgcore.DLL
0x00007ffffee20000 - 0x00007ffffee9a000 	C:\WINDOWS\System32\bcryptPrimitives.dll
0x00007ffff0b90000 - 0x00007ffff0bb5000 	C:\Program Files\Android\Android Studio2\jbr\bin\java.dll
0x00007ffff5800000 - 0x00007ffff5818000 	C:\Program Files\Android\Android Studio2\jbr\bin\zip.dll
0x00007ff800a30000 - 0x00007ff80128a000 	C:\WINDOWS\System32\SHELL32.dll
0x00007ffffc550000 - 0x00007ffffce46000 	C:\WINDOWS\SYSTEM32\windows.storage.dll
0x00007ffffc410000 - 0x00007ffffc54e000 	C:\WINDOWS\SYSTEM32\wintypes.dll
0x00007ff8008b0000 - 0x00007ff8009a3000 	C:\WINDOWS\System32\SHCORE.dll
0x00007ff800850000 - 0x00007ff8008ae000 	C:\WINDOWS\System32\shlwapi.dll
0x00007ffffe560000 - 0x00007ffffe586000 	C:\WINDOWS\SYSTEM32\profapi.dll
0x00007ffff0c20000 - 0x00007ffff0c39000 	C:\Program Files\Android\Android Studio2\jbr\bin\net.dll
0x00007ffff6110000 - 0x00007ffff6247000 	C:\WINDOWS\SYSTEM32\WINHTTP.dll
0x00007ffffdab0000 - 0x00007ffffdb19000 	C:\WINDOWS\system32\mswsock.dll
0x00007ffff0bd0000 - 0x00007ffff0be6000 	C:\Program Files\Android\Android Studio2\jbr\bin\nio.dll
0x00007ffff5760000 - 0x00007ffff5770000 	C:\Program Files\Android\Android Studio2\jbr\bin\verify.dll
0x00007fffecf70000 - 0x00007fffecf97000 	C:\Users\mingc\.gradle\native\68d5fa5c4cc2d200863cafc0d521ce42e7d3e7ee720ec0a83991735586a16f82\windows-amd64\native-platform.dll
0x00007fffb18c0000 - 0x00007fffb1a04000 	C:\Users\mingc\.gradle\native\e376f236ea51e6404a007f0833ffe2c6e607c4080706a723a18a27aeea778392\windows-amd64\native-platform-file-events.dll
0x00007ffff0c00000 - 0x00007ffff0c09000 	C:\Program Files\Android\Android Studio2\jbr\bin\management.dll
0x00007ffff0b80000 - 0x00007ffff0b8b000 	C:\Program Files\Android\Android Studio2\jbr\bin\management_ext.dll
0x00007fffff430000 - 0x00007fffff438000 	C:\WINDOWS\System32\PSAPI.DLL
0x00007ffffdd00000 - 0x00007ffffdd1b000 	C:\WINDOWS\SYSTEM32\CRYPTSP.dll
0x00007ffffd590000 - 0x00007ffffd5c5000 	C:\WINDOWS\system32\rsaenh.dll
0x00007ffffdba0000 - 0x00007ffffdbcc000 	C:\WINDOWS\SYSTEM32\USERENV.dll
0x00007ffffdef0000 - 0x00007ffffdf18000 	C:\WINDOWS\SYSTEM32\bcrypt.dll
0x00007ffffdd20000 - 0x00007ffffdd2c000 	C:\WINDOWS\SYSTEM32\CRYPTBASE.dll
0x00007ffffd0b0000 - 0x00007ffffd0dd000 	C:\WINDOWS\SYSTEM32\IPHLPAPI.DLL
0x00007ff800000000 - 0x00007ff800009000 	C:\WINDOWS\System32\NSI.dll
0x00007ffff14b0000 - 0x00007ffff14c9000 	C:\WINDOWS\SYSTEM32\dhcpcsvc6.DLL
0x00007ffff1410000 - 0x00007ffff142f000 	C:\WINDOWS\SYSTEM32\dhcpcsvc.DLL
0x00007ffffd120000 - 0x00007ffffd219000 	C:\WINDOWS\SYSTEM32\DNSAPI.dll
0x00007ffff0b70000 - 0x00007ffff0b78000 	C:\WINDOWS\system32\wshunix.dll

dbghelp: loaded successfully - version: 4.0.5 - missing functions: none
symbol engine: initialized successfully - sym options: 0x614 - pdb path: .;C:\Program Files\Android\Android Studio2\jbr\bin;C:\WINDOWS\SYSTEM32;C:\WINDOWS\WinSxS\amd64_microsoft.windows.common-controls_6595b64144ccf1df_6.0.22621.2506_none_270c5ae97388e100;C:\Program Files\Android\Android Studio2\jbr\bin\server;C:\Users\mingc\.gradle\native\68d5fa5c4cc2d200863cafc0d521ce42e7d3e7ee720ec0a83991735586a16f82\windows-amd64;C:\Users\mingc\.gradle\native\e376f236ea51e6404a007f0833ffe2c6e607c4080706a723a18a27aeea778392\windows-amd64

VM Arguments:
jvm_args: --add-opens=java.base/java.util=ALL-UNNAMED --add-opens=java.base/java.lang=ALL-UNNAMED --add-opens=java.base/java.lang.invoke=ALL-UNNAMED --add-opens=java.prefs/java.util.prefs=ALL-UNNAMED --add-opens=java.base/java.nio.charset=ALL-UNNAMED --add-opens=java.base/java.net=ALL-UNNAMED --add-opens=java.base/java.util.concurrent.atomic=ALL-UNNAMED -Xmx2048m -Dfile.encoding=UTF-8 -Duser.country=MY -Duser.language=en -Duser.variant 
java_command: org.gradle.launcher.daemon.bootstrap.GradleDaemon 8.0
java_class_path (initial): C:\Users\mingc\.gradle\wrapper\dists\gradle-8.0-bin\ca5e32bp14vu59qr306oxotwh\gradle-8.0\lib\gradle-launcher-8.0.jar
Launcher Type: SUN_STANDARD

[Global flags]
     intx CICompilerCount                          = 3                                         {product} {ergonomic}
     uint ConcGCThreads                            = 1                                         {product} {ergonomic}
     uint G1ConcRefinementThreads                  = 4                                         {product} {ergonomic}
   size_t G1HeapRegionSize                         = 1048576                                   {product} {ergonomic}
    uintx GCDrainStackTargetSize                   = 64                                        {product} {ergonomic}
   size_t InitialHeapSize                          = 132120576                                 {product} {ergonomic}
   size_t MarkStackSize                            = 4194304                                   {product} {ergonomic}
   size_t MaxHeapSize                              = 2147483648                                {product} {command line}
   size_t MaxNewSize                               = 1287651328                                {product} {ergonomic}
   size_t MinHeapDeltaBytes                        = 1048576                                   {product} {ergonomic}
   size_t MinHeapSize                              = 8388608                                   {product} {ergonomic}
    uintx NonNMethodCodeHeapSize                   = 5832780                                {pd product} {ergonomic}
    uintx NonProfiledCodeHeapSize                  = 122912730                              {pd product} {ergonomic}
    uintx ProfiledCodeHeapSize                     = 122912730                              {pd product} {ergonomic}
    uintx ReservedCodeCacheSize                    = 251658240                              {pd product} {ergonomic}
     bool SegmentedCodeCache                       = true                                      {product} {ergonomic}
   size_t SoftMaxHeapSize                          = 2147483648                             {manageable} {ergonomic}
     bool UseCompressedClassPointers               = true                           {product lp64_product} {ergonomic}
     bool UseCompressedOops                        = true                           {product lp64_product} {ergonomic}
     bool UseG1GC                                  = true                                      {product} {ergonomic}
     bool UseLargePagesIndividualAllocation        = false                                  {pd product} {ergonomic}

Logging:
Log output configuration:
 #0: stdout all=warning uptime,level,tags
 #1: stderr all=off uptime,level,tags

Environment Variables:
JAVA_HOME=C:\Program Files\Java\jdk-17
CLASSPATH=C:\Users\mingc\Downloads\jfreechart-1.0.19\jfreechart-1.0.19\lib\jcommon-1.0.23
PATH=C:\Program Files\Common Files\Oracle\Java\javapath;C:\WINDOWS\system32;C:\WINDOWS;C:\WINDOWS\System32\Wbem;C:\WINDOWS\System32\WindowsPowerShell\v1.0\;C:\WINDOWS\System32\OpenSSH\;C:\Program Files\MySQL\MySQL Server 8.0\bin;C:\Program Files\Java\jdk-17\bin;D:\Xampp\php\;C:\Program Files\nodejs\;C:\Program Files\nodejs;C:\Program Files\Git\cmd;C:\Program Files\MySQL\MySQL Shell 8.0\bin\;C:\Users\mingc\AppData\Local\Microsoft\WindowsApps;C:\Users\mingc\AppData\Local\Programs\Microsoft VS Code\bin;C:\Users\mingc\AppData\Roaming\npm;C:\flutter\bin;
USERNAME=mingc
OS=Windows_NT
PROCESSOR_IDENTIFIER=Intel64 Family 6 Model 142 Stepping 12, GenuineIntel
TMP=C:\Users\mingc\AppData\Local\Temp
TEMP=C:\Users\mingc\AppData\Local\Temp


JNI global refs:
JNI global refs: 23, weak refs: 0

JNI global refs memory usage: 843, weak refs: 209


---------------  S Y S T E M  ---------------

OS:
 Windows 11 , 64 bit Build 22621 (10.0.22621.2506)
OS uptime: 1 days 18:13 hours

CPU: total 4 (initial active 4) (2 cores per cpu, 2 threads per core) family 6 model 142 stepping 12 microcode 0xde, cx8, cmov, fxsr, ht, mmx, 3dnowpref, sse, sse2, sse3, ssse3, sse4.1, sse4.2, popcnt, lzcnt, tsc, tscinvbit, avx, avx2, aes, erms, clmul, bmi1, bmi2, adx, fma, vzeroupper, clflush, clflushopt

Memory: 4k page, system-wide physical 8025M (265M free)
TotalPageFile size 23385M (AvailPageFile size 2M)
current process WorkingSet (physical memory assigned to process): 256M, peak: 259M
current process commit charge ("private bytes"): 284M, peak: 287M

vm_info: OpenJDK 64-Bit Server VM (17.0.6+0-b2043.56-10027231) for windows-amd64 JRE (17.0.6+0-b2043.56-10027231), built on Apr 28 2023 00:43:19 by "androidbuild" with MS VC++ 16.10 / 16.11 (VS2019)

END.
